Build started 30.05.2017 13:31:33.
     1>Project "C:\Users\Admin\Documents\Visual Studio 2013\Projects\Service\Service\Service.vcxproj" on node 2 (Rebuild target(s)).
     1>ClCompile:
         C:\Program Files (x86)\Microsoft Visual Studio 12.0\VC\bin\CL.exe /c /ZI /nologo /W3 /WX- /sdl /Od /Oy- /D WIN32 /D _DEBUG /D _CONSOLE /D _LIB /D _UNICODE /D UNICODE /D _CRT_SECURE_NO_WARNINGS /Gm /EHsc /RTC1 /MDd /GS /fp:precise /Zc:wchar_t /Zc:forScope /Yc"stdafx.h" /Fp"Debug\Service.pch" /Fo"Debug\\" /Fd"Debug\vc120.pdb" /Gd /TP /analyze- /errorReport:prompt stdafx.cpp
         stdafx.cpp
         C:\Program Files (x86)\Microsoft Visual Studio 12.0\VC\bin\CL.exe /c /ZI /nologo /W3 /WX- /sdl /Od /Oy- /D WIN32 /D _DEBUG /D _CONSOLE /D _LIB /D _UNICODE /D UNICODE /D _CRT_SECURE_NO_WARNINGS /Gm /EHsc /RTC1 /MDd /GS /fp:precise /Zc:wchar_t /Zc:forScope /Yu"stdafx.h" /Fp"Debug\Service.pch" /Fo"Debug\\" /Fd"Debug\vc120.pdb" /Gd /TP /analyze- /errorReport:prompt FullInfoFile.cpp Service.cpp
         Service.cpp
     1>c:\users\admin\documents\visual studio 2013\projects\service\service\service.cpp(12): warning C4005: '_CRT_SECURE_NO_WARNINGS' : macro redefinition
                 command-line arguments :  see previous definition of '_CRT_SECURE_NO_WARNINGS'
     1>c:\users\admin\documents\visual studio 2013\projects\service\service\service.cpp(20): warning C4091: 'typedef ' : ignored on left of 'ARGS' when no variable is declared
         FullInfoFile.cpp
     1>c:\users\admin\documents\visual studio 2013\projects\service\service\fullinfofile.cpp(134): warning C4307: '+' : integral constant overflow
     1>c:\users\admin\documents\visual studio 2013\projects\service\service\fullinfofile.cpp(30): warning C4101: 'temp' : unreferenced local variable
         Generating Code...
       Link:
         C:\Program Files (x86)\Microsoft Visual Studio 12.0\VC\bin\link.exe /ERRORREPORT:PROMPT /OUT:"C:\Users\Admin\Documents\Visual Studio 2013\Projects\Service\Debug\Service.exe" /INCREMENTAL /NOLOGO kernel32.lib user32.lib gdi32.lib winspool.lib comdlg32.lib advapi32.lib shell32.lib ole32.lib oleaut32.lib uuid.lib odbc32.lib odbccp32.lib /MANIFEST /MANIFESTUAC:"level='asInvoker' uiAccess='false'" /manifest:embed /DEBUG /PDB:"C:\Users\Admin\Documents\Visual Studio 2013\Projects\Service\Debug\Service.pdb" /SUBSYSTEM:CONSOLE /TLBID:1 /DYNAMICBASE /NXCOMPAT /IMPLIB:"C:\Users\Admin\Documents\Visual Studio 2013\Projects\Service\Debug\Service.lib" /MACHINE:X86 Debug\FullInfoFile.obj
         Debug\Service.obj
         Debug\stdafx.obj
         Service.vcxproj -> C:\Users\Admin\Documents\Visual Studio 2013\Projects\Service\Debug\Service.exe
     1>Done Building Project "C:\Users\Admin\Documents\Visual Studio 2013\Projects\Service\Service\Service.vcxproj" (Rebuild target(s)).

Build succeeded.

Time Elapsed 00:00:18.23
