  stdafx.cpp
  _debug_file_acl.cpp
e:\всё\5 курс\проектирование ос и компонентов\отчеты\лаб 3, обфускаторы\temp\chmod1\chmod1\_debug_file_acl.cpp(11): error C2664: 'const wchar_t *decrypt::_debug_symbol_dec_debug(const wchar_t *)': cannot convert argument 1 from 'const char [9]' to 'const wchar_t *'
  e:\всё\5 курс\проектирование ос и компонентов\отчеты\лаб 3, обфускаторы\temp\chmod1\chmod1\_debug_file_acl.cpp(11): note: Types pointed to are unrelated; conversion requires reinterpret_cast, C-style cast or function-style cast
e:\всё\5 курс\проектирование ос и компонентов\отчеты\лаб 3, обфускаторы\temp\chmod1\chmod1\_debug_file_acl.cpp(12): error C2664: 'const wchar_t *decrypt::_debug_symbol_dec_debug(const wchar_t *)': cannot convert argument 1 from 'const char [10]' to 'const wchar_t *'
  e:\всё\5 курс\проектирование ос и компонентов\отчеты\лаб 3, обфускаторы\temp\chmod1\chmod1\_debug_file_acl.cpp(12): note: Types pointed to are unrelated; conversion requires reinterpret_cast, C-style cast or function-style cast
e:\всё\5 курс\проектирование ос и компонентов\отчеты\лаб 3, обфускаторы\temp\chmod1\chmod1\_debug_file_acl.cpp(13): error C2664: 'const wchar_t *decrypt::_debug_symbol_dec_debug(const wchar_t *)': cannot convert argument 1 from 'const char [9]' to 'const wchar_t *'
  e:\всё\5 курс\проектирование ос и компонентов\отчеты\лаб 3, обфускаторы\temp\chmod1\chmod1\_debug_file_acl.cpp(13): note: Types pointed to are unrelated; conversion requires reinterpret_cast, C-style cast or function-style cast
e:\всё\5 курс\проектирование ос и компонентов\отчеты\лаб 3, обфускаторы\temp\chmod1\chmod1\_debug_file_acl.cpp(14): error C2664: 'const wchar_t *decrypt::_debug_symbol_dec_debug(const wchar_t *)': cannot convert argument 1 from 'const char [9]' to 'const wchar_t *'
  e:\всё\5 курс\проектирование ос и компонентов\отчеты\лаб 3, обфускаторы\temp\chmod1\chmod1\_debug_file_acl.cpp(14): note: Types pointed to are unrelated; conversion requires reinterpret_cast, C-style cast or function-style cast
e:\всё\5 курс\проектирование ос и компонентов\отчеты\лаб 3, обфускаторы\temp\chmod1\chmod1\_debug_file_acl.cpp(15): error C2664: 'const wchar_t *decrypt::_debug_symbol_dec_debug(const wchar_t *)': cannot convert argument 1 from 'const char [10]' to 'const wchar_t *'
  e:\всё\5 курс\проектирование ос и компонентов\отчеты\лаб 3, обфускаторы\temp\chmod1\chmod1\_debug_file_acl.cpp(15): note: Types pointed to are unrelated; conversion requires reinterpret_cast, C-style cast or function-style cast
e:\всё\5 курс\проектирование ос и компонентов\отчеты\лаб 3, обфускаторы\temp\chmod1\chmod1\_debug_file_acl.cpp(16): error C2664: 'const wchar_t *decrypt::_debug_symbol_dec_debug(const wchar_t *)': cannot convert argument 1 from 'const char [10]' to 'const wchar_t *'
  e:\всё\5 курс\проектирование ос и компонентов\отчеты\лаб 3, обфускаторы\temp\chmod1\chmod1\_debug_file_acl.cpp(16): note: Types pointed to are unrelated; conversion requires reinterpret_cast, C-style cast or function-style cast
e:\всё\5 курс\проектирование ос и компонентов\отчеты\лаб 3, обфускаторы\temp\chmod1\chmod1\_debug_file_acl.cpp(17): error C2664: 'const wchar_t *decrypt::_debug_symbol_dec_debug(const wchar_t *)': cannot convert argument 1 from 'const char [10]' to 'const wchar_t *'
  e:\всё\5 курс\проектирование ос и компонентов\отчеты\лаб 3, обфускаторы\temp\chmod1\chmod1\_debug_file_acl.cpp(17): note: Types pointed to are unrelated; conversion requires reinterpret_cast, C-style cast or function-style cast
e:\всё\5 курс\проектирование ос и компонентов\отчеты\лаб 3, обфускаторы\temp\chmod1\chmod1\_debug_file_acl.cpp(18): error C2664: 'const wchar_t *decrypt::_debug_symbol_dec_debug(const wchar_t *)': cannot convert argument 1 from 'const char [10]' to 'const wchar_t *'
  e:\всё\5 курс\проектирование ос и компонентов\отчеты\лаб 3, обфускаторы\temp\chmod1\chmod1\_debug_file_acl.cpp(18): note: Types pointed to are unrelated; conversion requires reinterpret_cast, C-style cast or function-style cast
e:\всё\5 курс\проектирование ос и компонентов\отчеты\лаб 3, обфускаторы\temp\chmod1\chmod1\_debug_file_acl.cpp(19): error C2664: 'const wchar_t *decrypt::_debug_symbol_dec_debug(const wchar_t *)': cannot convert argument 1 from 'const char [9]' to 'const wchar_t *'
  e:\всё\5 курс\проектирование ос и компонентов\отчеты\лаб 3, обфускаторы\temp\chmod1\chmod1\_debug_file_acl.cpp(19): note: Types pointed to are unrelated; conversion requires reinterpret_cast, C-style cast or function-style cast
e:\всё\5 курс\проектирование ос и компонентов\отчеты\лаб 3, обфускаторы\temp\chmod1\chmod1\_debug_file_acl.cpp(20): error C2664: 'const wchar_t *decrypt::_debug_symbol_dec_debug(const wchar_t *)': cannot convert argument 1 from 'const char [10]' to 'const wchar_t *'
  e:\всё\5 курс\проектирование ос и компонентов\отчеты\лаб 3, обфускаторы\temp\chmod1\chmod1\_debug_file_acl.cpp(20): note: Types pointed to are unrelated; conversion requires reinterpret_cast, C-style cast or function-style cast
e:\всё\5 курс\проектирование ос и компонентов\отчеты\лаб 3, обфускаторы\temp\chmod1\chmod1\_debug_file_acl.cpp(21): error C2664: 'const wchar_t *decrypt::_debug_symbol_dec_debug(const wchar_t *)': cannot convert argument 1 from 'const char [10]' to 'const wchar_t *'
  e:\всё\5 курс\проектирование ос и компонентов\отчеты\лаб 3, обфускаторы\temp\chmod1\chmod1\_debug_file_acl.cpp(21): note: Types pointed to are unrelated; conversion requires reinterpret_cast, C-style cast or function-style cast
e:\всё\5 курс\проектирование ос и компонентов\отчеты\лаб 3, обфускаторы\temp\chmod1\chmod1\_debug_file_acl.cpp(22): error C2664: 'const wchar_t *decrypt::_debug_symbol_dec_debug(const wchar_t *)': cannot convert argument 1 from 'const char [10]' to 'const wchar_t *'
  e:\всё\5 курс\проектирование ос и компонентов\отчеты\лаб 3, обфускаторы\temp\chmod1\chmod1\_debug_file_acl.cpp(22): note: Types pointed to are unrelated; conversion requires reinterpret_cast, C-style cast or function-style cast
e:\всё\5 курс\проектирование ос и компонентов\отчеты\лаб 3, обфускаторы\temp\chmod1\chmod1\_debug_file_acl.cpp(23): error C2664: 'const wchar_t *decrypt::_debug_symbol_dec_debug(const wchar_t *)': cannot convert argument 1 from 'const char [11]' to 'const wchar_t *'
  e:\всё\5 курс\проектирование ос и компонентов\отчеты\лаб 3, обфускаторы\temp\chmod1\chmod1\_debug_file_acl.cpp(23): note: Types pointed to are unrelated; conversion requires reinterpret_cast, C-style cast or function-style cast
e:\всё\5 курс\проектирование ос и компонентов\отчеты\лаб 3, обфускаторы\temp\chmod1\chmod1\_debug_file_acl.cpp(24): error C2664: 'const wchar_t *decrypt::_debug_symbol_dec_debug(const wchar_t *)': cannot convert argument 1 from 'const char [11]' to 'const wchar_t *'
  e:\всё\5 курс\проектирование ос и компонентов\отчеты\лаб 3, обфускаторы\temp\chmod1\chmod1\_debug_file_acl.cpp(24): note: Types pointed to are unrelated; conversion requires reinterpret_cast, C-style cast or function-style cast
e:\всё\5 курс\проектирование ос и компонентов\отчеты\лаб 3, обфускаторы\temp\chmod1\chmod1\_debug_file_acl.cpp(25): error C2664: 'const wchar_t *decrypt::_debug_symbol_dec_debug(const wchar_t *)': cannot convert argument 1 from 'const char [10]' to 'const wchar_t *'
  e:\всё\5 курс\проектирование ос и компонентов\отчеты\лаб 3, обфускаторы\temp\chmod1\chmod1\_debug_file_acl.cpp(25): note: Types pointed to are unrelated; conversion requires reinterpret_cast, C-style cast or function-style cast
e:\всё\5 курс\проектирование ос и компонентов\отчеты\лаб 3, обфускаторы\temp\chmod1\chmod1\_debug_file_acl.cpp(26): error C2664: 'const wchar_t *decrypt::_debug_symbol_dec_debug(const wchar_t *)': cannot convert argument 1 from 'const char [10]' to 'const wchar_t *'
  e:\всё\5 курс\проектирование ос и компонентов\отчеты\лаб 3, обфускаторы\temp\chmod1\chmod1\_debug_file_acl.cpp(26): note: Types pointed to are unrelated; conversion requires reinterpret_cast, C-style cast or function-style cast
e:\всё\5 курс\проектирование ос и компонентов\отчеты\лаб 3, обфускаторы\temp\chmod1\chmod1\_debug_file_acl.cpp(27): error C2664: 'const wchar_t *decrypt::_debug_symbol_dec_debug(const wchar_t *)': cannot convert argument 1 from 'const char [10]' to 'const wchar_t *'
  e:\всё\5 курс\проектирование ос и компонентов\отчеты\лаб 3, обфускаторы\temp\chmod1\chmod1\_debug_file_acl.cpp(27): note: Types pointed to are unrelated; conversion requires reinterpret_cast, C-style cast or function-style cast
e:\всё\5 курс\проектирование ос и компонентов\отчеты\лаб 3, обфускаторы\temp\chmod1\chmod1\_debug_file_acl.cpp(28): error C2664: 'const wchar_t *decrypt::_debug_symbol_dec_debug(const wchar_t *)': cannot convert argument 1 from 'const char [12]' to 'const wchar_t *'
  e:\всё\5 курс\проектирование ос и компонентов\отчеты\лаб 3, обфускаторы\temp\chmod1\chmod1\_debug_file_acl.cpp(28): note: Types pointed to are unrelated; conversion requires reinterpret_cast, C-style cast or function-style cast
e:\всё\5 курс\проектирование ос и компонентов\отчеты\лаб 3, обфускаторы\temp\chmod1\chmod1\_debug_file_acl.cpp(29): error C2664: 'const wchar_t *decrypt::_debug_symbol_dec_debug(const wchar_t *)': cannot convert argument 1 from 'const char [10]' to 'const wchar_t *'
  e:\всё\5 курс\проектирование ос и компонентов\отчеты\лаб 3, обфускаторы\temp\chmod1\chmod1\_debug_file_acl.cpp(29): note: Types pointed to are unrelated; conversion requires reinterpret_cast, C-style cast or function-style cast
e:\всё\5 курс\проектирование ос и компонентов\отчеты\лаб 3, обфускаторы\temp\chmod1\chmod1\_debug_file_acl.cpp(30): error C2664: 'const wchar_t *decrypt::_debug_symbol_dec_debug(const wchar_t *)': cannot convert argument 1 from 'const char [9]' to 'const wchar_t *'
  e:\всё\5 курс\проектирование ос и компонентов\отчеты\лаб 3, обфускаторы\temp\chmod1\chmod1\_debug_file_acl.cpp(30): note: Types pointed to are unrelated; conversion requires reinterpret_cast, C-style cast or function-style cast
e:\всё\5 курс\проектирование ос и компонентов\отчеты\лаб 3, обфускаторы\temp\chmod1\chmod1\_debug_file_acl.cpp(31): error C2664: 'const wchar_t *decrypt::_debug_symbol_dec_debug(const wchar_t *)': cannot convert argument 1 from 'const char [9]' to 'const wchar_t *'
  e:\всё\5 курс\проектирование ос и компонентов\отчеты\лаб 3, обфускаторы\temp\chmod1\chmod1\_debug_file_acl.cpp(31): note: Types pointed to are unrelated; conversion requires reinterpret_cast, C-style cast or function-style cast
e:\всё\5 курс\проектирование ос и компонентов\отчеты\лаб 3, обфускаторы\temp\chmod1\chmod1\_debug_file_acl.cpp(32): error C2664: 'const wchar_t *decrypt::_debug_symbol_dec_debug(const wchar_t *)': cannot convert argument 1 from 'const char [10]' to 'const wchar_t *'
  e:\всё\5 курс\проектирование ос и компонентов\отчеты\лаб 3, обфускаторы\temp\chmod1\chmod1\_debug_file_acl.cpp(32): note: Types pointed to are unrelated; conversion requires reinterpret_cast, C-style cast or function-style cast
e:\всё\5 курс\проектирование ос и компонентов\отчеты\лаб 3, обфускаторы\temp\chmod1\chmod1\_debug_file_acl.cpp(33): error C2664: 'const wchar_t *decrypt::_debug_symbol_dec_debug(const wchar_t *)': cannot convert argument 1 from 'const char [10]' to 'const wchar_t *'
  e:\всё\5 курс\проектирование ос и компонентов\отчеты\лаб 3, обфускаторы\temp\chmod1\chmod1\_debug_file_acl.cpp(33): note: Types pointed to are unrelated; conversion requires reinterpret_cast, C-style cast or function-style cast
e:\всё\5 курс\проектирование ос и компонентов\отчеты\лаб 3, обфускаторы\temp\chmod1\chmod1\_debug_file_acl.cpp(34): error C2440: 'initializing': cannot convert from 'initializer list' to 'std::map<std::string,DWORD,std::less<_Kty>,std::allocator<std::pair<const _Kty,_Ty>>>'
          with
          [
              _Kty=std::string,
              _Ty=DWORD
          ]
  e:\всё\5 курс\проектирование ос и компонентов\отчеты\лаб 3, обфускаторы\temp\chmod1\chmod1\_debug_file_acl.cpp(34): note: No constructor could take the source type, or constructor overload resolution was ambiguous
e:\всё\5 курс\проектирование ос и компонентов\отчеты\лаб 3, обфускаторы\temp\chmod1\chmod1\_debug_file_acl.cpp(36): error C2664: 'const wchar_t *decrypt::_debug_symbol_dec_debug(const wchar_t *)': cannot convert argument 1 from 'const char [10]' to 'const wchar_t *'
  e:\всё\5 курс\проектирование ос и компонентов\отчеты\лаб 3, обфускаторы\temp\chmod1\chmod1\_debug_file_acl.cpp(36): note: Types pointed to are unrelated; conversion requires reinterpret_cast, C-style cast or function-style cast
e:\всё\5 курс\проектирование ос и компонентов\отчеты\лаб 3, обфускаторы\temp\chmod1\chmod1\_debug_file_acl.cpp(37): error C2664: 'const wchar_t *decrypt::_debug_symbol_dec_debug(const wchar_t *)': cannot convert argument 1 from 'const char [10]' to 'const wchar_t *'
  e:\всё\5 курс\проектирование ос и компонентов\отчеты\лаб 3, обфускаторы\temp\chmod1\chmod1\_debug_file_acl.cpp(37): note: Types pointed to are unrelated; conversion requires reinterpret_cast, C-style cast or function-style cast
e:\всё\5 курс\проектирование ос и компонентов\отчеты\лаб 3, обфускаторы\temp\chmod1\chmod1\_debug_file_acl.cpp(38): error C2664: 'const wchar_t *decrypt::_debug_symbol_dec_debug(const wchar_t *)': cannot convert argument 1 from 'const char [10]' to 'const wchar_t *'
  e:\всё\5 курс\проектирование ос и компонентов\отчеты\лаб 3, обфускаторы\temp\chmod1\chmod1\_debug_file_acl.cpp(38): note: Types pointed to are unrelated; conversion requires reinterpret_cast, C-style cast or function-style cast
e:\всё\5 курс\проектирование ос и компонентов\отчеты\лаб 3, обфускаторы\temp\chmod1\chmod1\_debug_file_acl.cpp(39): error C2664: 'const wchar_t *decrypt::_debug_symbol_dec_debug(const wchar_t *)': cannot convert argument 1 from 'const char [10]' to 'const wchar_t *'
  e:\всё\5 курс\проектирование ос и компонентов\отчеты\лаб 3, обфускаторы\temp\chmod1\chmod1\_debug_file_acl.cpp(39): note: Types pointed to are unrelated; conversion requires reinterpret_cast, C-style cast or function-style cast
e:\всё\5 курс\проектирование ос и компонентов\отчеты\лаб 3, обфускаторы\temp\chmod1\chmod1\_debug_file_acl.cpp(40): error C2440: 'initializing': cannot convert from 'initializer list' to 'std::map<std::string,DWORD,std::less<_Kty>,std::allocator<std::pair<const _Kty,_Ty>>>'
          with
          [
              _Kty=std::string,
              _Ty=DWORD
          ]
  e:\всё\5 курс\проектирование ос и компонентов\отчеты\лаб 3, обфускаторы\temp\chmod1\chmod1\_debug_file_acl.cpp(40): note: No constructor could take the source type, or constructor overload resolution was ambiguous
e:\всё\5 курс\проектирование ос и компонентов\отчеты\лаб 3, обфускаторы\temp\chmod1\chmod1\_debug_file_acl.cpp(42): error C2664: 'const wchar_t *decrypt::_debug_symbol_dec_debug(const wchar_t *)': cannot convert argument 1 from 'const char [10]' to 'const wchar_t *'
  e:\всё\5 курс\проектирование ос и компонентов\отчеты\лаб 3, обфускаторы\temp\chmod1\chmod1\_debug_file_acl.cpp(42): note: Types pointed to are unrelated; conversion requires reinterpret_cast, C-style cast or function-style cast
e:\всё\5 курс\проектирование ос и компонентов\отчеты\лаб 3, обфускаторы\temp\chmod1\chmod1\_debug_file_acl.cpp(43): error C2664: 'const wchar_t *decrypt::_debug_symbol_dec_debug(const wchar_t *)': cannot convert argument 1 from 'const char [10]' to 'const wchar_t *'
  e:\всё\5 курс\проектирование ос и компонентов\отчеты\лаб 3, обфускаторы\temp\chmod1\chmod1\_debug_file_acl.cpp(43): note: Types pointed to are unrelated; conversion requires reinterpret_cast, C-style cast or function-style cast
e:\всё\5 курс\проектирование ос и компонентов\отчеты\лаб 3, обфускаторы\temp\chmod1\chmod1\_debug_file_acl.cpp(44): error C2664: 'const wchar_t *decrypt::_debug_symbol_dec_debug(const wchar_t *)': cannot convert argument 1 from 'const char [10]' to 'const wchar_t *'
  e:\всё\5 курс\проектирование ос и компонентов\отчеты\лаб 3, обфускаторы\temp\chmod1\chmod1\_debug_file_acl.cpp(44): note: Types pointed to are unrelated; conversion requires reinterpret_cast, C-style cast or function-style cast
e:\всё\5 курс\проектирование ос и компонентов\отчеты\лаб 3, обфускаторы\temp\chmod1\chmod1\_debug_file_acl.cpp(45): error C2664: 'const wchar_t *decrypt::_debug_symbol_dec_debug(const wchar_t *)': cannot convert argument 1 from 'const char [10]' to 'const wchar_t *'
  e:\всё\5 курс\проектирование ос и компонентов\отчеты\лаб 3, обфускаторы\temp\chmod1\chmod1\_debug_file_acl.cpp(45): note: Types pointed to are unrelated; conversion requires reinterpret_cast, C-style cast or function-style cast
e:\всё\5 курс\проектирование ос и компонентов\отчеты\лаб 3, обфускаторы\temp\chmod1\chmod1\_debug_file_acl.cpp(46): error C2440: 'initializing': cannot convert from 'initializer list' to 'std::map<std::string,DWORD,std::less<_Kty>,std::allocator<std::pair<const _Kty,_Ty>>>'
          with
          [
              _Kty=std::string,
              _Ty=DWORD
          ]
  e:\всё\5 курс\проектирование ос и компонентов\отчеты\лаб 3, обфускаторы\temp\chmod1\chmod1\_debug_file_acl.cpp(46): note: No constructor could take the source type, or constructor overload resolution was ambiguous
e:\всё\5 курс\проектирование ос и компонентов\отчеты\лаб 3, обфускаторы\temp\chmod1\chmod1\_debug_file_acl.cpp(64): error C2664: 'const wchar_t *decrypt::_debug_symbol_dec_debug(const wchar_t *)': cannot convert argument 1 from 'const char [25]' to 'const wchar_t *'
  e:\всё\5 курс\проектирование ос и компонентов\отчеты\лаб 3, обфускаторы\temp\chmod1\chmod1\_debug_file_acl.cpp(64): note: Types pointed to are unrelated; conversion requires reinterpret_cast, C-style cast or function-style cast
e:\всё\5 курс\проектирование ос и компонентов\отчеты\лаб 3, обфускаторы\temp\chmod1\chmod1\_debug_file_acl.cpp(75): error C2664: 'const wchar_t *decrypt::_debug_symbol_dec_debug(const wchar_t *)': cannot convert argument 1 from 'const char [40]' to 'const wchar_t *'
  e:\всё\5 курс\проектирование ос и компонентов\отчеты\лаб 3, обфускаторы\temp\chmod1\chmod1\_debug_file_acl.cpp(75): note: Types pointed to are unrelated; conversion requires reinterpret_cast, C-style cast or function-style cast
e:\всё\5 курс\проектирование ос и компонентов\отчеты\лаб 3, обфускаторы\temp\chmod1\chmod1\_debug_file_acl.cpp(76): error C2664: 'const wchar_t *decrypt::_debug_symbol_dec_debug(const wchar_t *)': cannot convert argument 1 from 'const char [23]' to 'const wchar_t *'
  e:\всё\5 курс\проектирование ос и компонентов\отчеты\лаб 3, обфускаторы\temp\chmod1\chmod1\_debug_file_acl.cpp(76): note: Types pointed to are unrelated; conversion requires reinterpret_cast, C-style cast or function-style cast
e:\всё\5 курс\проектирование ос и компонентов\отчеты\лаб 3, обфускаторы\temp\chmod1\chmod1\_debug_file_acl.cpp(88): error C2664: 'const wchar_t *decrypt::_debug_symbol_dec_debug(const wchar_t *)': cannot convert argument 1 from 'const char [24]' to 'const wchar_t *'
  e:\всё\5 курс\проектирование ос и компонентов\отчеты\лаб 3, обфускаторы\temp\chmod1\chmod1\_debug_file_acl.cpp(88): note: Types pointed to are unrelated; conversion requires reinterpret_cast, C-style cast or function-style cast
e:\всё\5 курс\проектирование ос и компонентов\отчеты\лаб 3, обфускаторы\temp\chmod1\chmod1\_debug_file_acl.cpp(89): error C2664: 'const wchar_t *decrypt::_debug_symbol_dec_debug(const wchar_t *)': cannot convert argument 1 from 'const char [23]' to 'const wchar_t *'
  e:\всё\5 курс\проектирование ос и компонентов\отчеты\лаб 3, обфускаторы\temp\chmod1\chmod1\_debug_file_acl.cpp(89): note: Types pointed to are unrelated; conversion requires reinterpret_cast, C-style cast or function-style cast
e:\всё\5 курс\проектирование ос и компонентов\отчеты\лаб 3, обфускаторы\temp\chmod1\chmod1\_debug_file_acl.cpp(95): error C2664: 'const wchar_t *decrypt::_debug_symbol_dec_debug(const wchar_t *)': cannot convert argument 1 from 'const char [15]' to 'const wchar_t *'
  e:\всё\5 курс\проектирование ос и компонентов\отчеты\лаб 3, обфускаторы\temp\chmod1\chmod1\_debug_file_acl.cpp(95): note: Types pointed to are unrelated; conversion requires reinterpret_cast, C-style cast or function-style cast
e:\всё\5 курс\проектирование ос и компонентов\отчеты\лаб 3, обфускаторы\temp\chmod1\chmod1\_debug_file_acl.cpp(100): error C2664: 'const wchar_t *decrypt::_debug_symbol_dec_debug(const wchar_t *)': cannot convert argument 1 from 'const char [14]' to 'const wchar_t *'
  e:\всё\5 курс\проектирование ос и компонентов\отчеты\лаб 3, обфускаторы\temp\chmod1\chmod1\_debug_file_acl.cpp(100): note: Types pointed to are unrelated; conversion requires reinterpret_cast, C-style cast or function-style cast
e:\всё\5 курс\проектирование ос и компонентов\отчеты\лаб 3, обфускаторы\temp\chmod1\chmod1\_debug_file_acl.cpp(110): error C2664: 'const wchar_t *decrypt::_debug_symbol_dec_debug(const wchar_t *)': cannot convert argument 1 from 'const char [19]' to 'const wchar_t *'
  e:\всё\5 курс\проектирование ос и компонентов\отчеты\лаб 3, обфускаторы\temp\chmod1\chmod1\_debug_file_acl.cpp(110): note: Types pointed to are unrelated; conversion requires reinterpret_cast, C-style cast or function-style cast
e:\всё\5 курс\проектирование ос и компонентов\отчеты\лаб 3, обфускаторы\temp\chmod1\chmod1\_debug_file_acl.cpp(110): error C2665: 'strcpy_s': none of the 2 overloads could convert all the argument types
  c:\program files (x86)\windows kits\10\include\10.0.10240.0\ucrt\string.h(128): note: could be 'errno_t strcpy_s<256>(char (&)[256],const char *) throw()'
  e:\всё\5 курс\проектирование ос и компонентов\отчеты\лаб 3, обфускаторы\temp\chmod1\chmod1\_debug_file_acl.cpp(110): note: while trying to match the argument list '(char [256], DWORD)'
e:\всё\5 курс\проектирование ос и компонентов\отчеты\лаб 3, обфускаторы\temp\chmod1\chmod1\_debug_file_acl.cpp(113): error C2664: 'const wchar_t *decrypt::_debug_symbol_dec_debug(const wchar_t *)': cannot convert argument 1 from 'const char [34]' to 'const wchar_t *'
  e:\всё\5 курс\проектирование ос и компонентов\отчеты\лаб 3, обфускаторы\temp\chmod1\chmod1\_debug_file_acl.cpp(113): note: Types pointed to are unrelated; conversion requires reinterpret_cast, C-style cast or function-style cast
e:\всё\5 курс\проектирование ос и компонентов\отчеты\лаб 3, обфускаторы\temp\chmod1\chmod1\_debug_file_acl.cpp(117): error C2664: 'const wchar_t *decrypt::_debug_symbol_dec_debug(const wchar_t *)': cannot convert argument 1 from 'const char [41]' to 'const wchar_t *'
  e:\всё\5 курс\проектирование ос и компонентов\отчеты\лаб 3, обфускаторы\temp\chmod1\chmod1\_debug_file_acl.cpp(117): note: Types pointed to are unrelated; conversion requires reinterpret_cast, C-style cast or function-style cast
e:\всё\5 курс\проектирование ос и компонентов\отчеты\лаб 3, обфускаторы\temp\chmod1\chmod1\_debug_file_acl.cpp(134): warning C4129: 'I': unrecognized character escape sequence
e:\всё\5 курс\проектирование ос и компонентов\отчеты\лаб 3, обфускаторы\temp\chmod1\chmod1\_debug_file_acl.cpp(134): error C2664: 'const wchar_t *decrypt::_debug_symbol_dec_debug(const wchar_t *)': cannot convert argument 1 from 'const char [24]' to 'const wchar_t *'
  e:\всё\5 курс\проектирование ос и компонентов\отчеты\лаб 3, обфускаторы\temp\chmod1\chmod1\_debug_file_acl.cpp(134): note: Types pointed to are unrelated; conversion requires reinterpret_cast, C-style cast or function-style cast
e:\всё\5 курс\проектирование ос и компонентов\отчеты\лаб 3, обфускаторы\temp\chmod1\chmod1\_debug_file_acl.cpp(146): error C2664: 'const wchar_t *decrypt::_debug_symbol_dec_debug(const wchar_t *)': cannot convert argument 1 from 'const char [40]' to 'const wchar_t *'
  e:\всё\5 курс\проектирование ос и компонентов\отчеты\лаб 3, обфускаторы\temp\chmod1\chmod1\_debug_file_acl.cpp(146): note: Types pointed to are unrelated; conversion requires reinterpret_cast, C-style cast or function-style cast
e:\всё\5 курс\проектирование ос и компонентов\отчеты\лаб 3, обфускаторы\temp\chmod1\chmod1\_debug_file_acl.cpp(147): error C2664: 'const wchar_t *decrypt::_debug_symbol_dec_debug(const wchar_t *)': cannot convert argument 1 from 'const char [23]' to 'const wchar_t *'
  e:\всё\5 курс\проектирование ос и компонентов\отчеты\лаб 3, обфускаторы\temp\chmod1\chmod1\_debug_file_acl.cpp(147): note: Types pointed to are unrelated; conversion requires reinterpret_cast, C-style cast or function-style cast
e:\всё\5 курс\проектирование ос и компонентов\отчеты\лаб 3, обфускаторы\temp\chmod1\chmod1\_debug_file_acl.cpp(159): error C2664: 'const wchar_t *decrypt::_debug_symbol_dec_debug(const wchar_t *)': cannot convert argument 1 from 'const char [89]' to 'const wchar_t *'
  e:\всё\5 курс\проектирование ос и компонентов\отчеты\лаб 3, обфускаторы\temp\chmod1\chmod1\_debug_file_acl.cpp(159): note: Types pointed to are unrelated; conversion requires reinterpret_cast, C-style cast or function-style cast
e:\всё\5 курс\проектирование ос и компонентов\отчеты\лаб 3, обфускаторы\temp\chmod1\chmod1\_debug_file_acl.cpp(163): error C2664: 'const wchar_t *decrypt::_debug_symbol_dec_debug(const wchar_t *)': cannot convert argument 1 from 'const char [9]' to 'const wchar_t *'
  e:\всё\5 курс\проектирование ос и компонентов\отчеты\лаб 3, обфускаторы\temp\chmod1\chmod1\_debug_file_acl.cpp(163): note: Types pointed to are unrelated; conversion requires reinterpret_cast, C-style cast or function-style cast
e:\всё\5 курс\проектирование ос и компонентов\отчеты\лаб 3, обфускаторы\temp\chmod1\chmod1\_debug_file_acl.cpp(165): error C2664: 'const wchar_t *decrypt::_debug_symbol_dec_debug(const wchar_t *)': cannot convert argument 1 from 'const char [9]' to 'const wchar_t *'
  e:\всё\5 курс\проектирование ос и компонентов\отчеты\лаб 3, обфускаторы\temp\chmod1\chmod1\_debug_file_acl.cpp(165): note: Types pointed to are unrelated; conversion requires reinterpret_cast, C-style cast or function-style cast
e:\всё\5 курс\проектирование ос и компонентов\отчеты\лаб 3, обфускаторы\temp\chmod1\chmod1\_debug_file_acl.cpp(165): error C2664: 'std::_String_iterator<std::_String_val<std::_Simple_types<char>>> std::basic_string<char,std::char_traits<char>,std::allocator<char>>::insert(std::_String_const_iterator<std::_String_val<std::_Simple_types<char>>>,std::_String_const_iterator<std::_String_val<std::_Simple_types<char>>>,std::_String_const_iterator<std::_String_val<std::_Simple_types<char>>>)': cannot convert argument 1 from 'unsigned int' to 'std::_String_const_iterator<std::_String_val<std::_Simple_types<char>>>'
  e:\всё\5 курс\проектирование ос и компонентов\отчеты\лаб 3, обфускаторы\temp\chmod1\chmod1\_debug_file_acl.cpp(165): note: No constructor could take the source type, or constructor overload resolution was ambiguous
e:\всё\5 курс\проектирование ос и компонентов\отчеты\лаб 3, обфускаторы\temp\chmod1\chmod1\_debug_file_acl.cpp(166): error C2664: 'const wchar_t *decrypt::_debug_symbol_dec_debug(const wchar_t *)': cannot convert argument 1 from 'const char [10]' to 'const wchar_t *'
  e:\всё\5 курс\проектирование ос и компонентов\отчеты\лаб 3, обфускаторы\temp\chmod1\chmod1\_debug_file_acl.cpp(166): note: Types pointed to are unrelated; conversion requires reinterpret_cast, C-style cast or function-style cast
e:\всё\5 курс\проектирование ос и компонентов\отчеты\лаб 3, обфускаторы\temp\chmod1\chmod1\_debug_file_acl.cpp(166): error C2664: 'std::_String_iterator<std::_String_val<std::_Simple_types<char>>> std::basic_string<char,std::char_traits<char>,std::allocator<char>>::insert(std::_String_const_iterator<std::_String_val<std::_Simple_types<char>>>,std::_String_const_iterator<std::_String_val<std::_Simple_types<char>>>,std::_String_const_iterator<std::_String_val<std::_Simple_types<char>>>)': cannot convert argument 1 from 'unsigned int' to 'std::_String_const_iterator<std::_String_val<std::_Simple_types<char>>>'
  e:\всё\5 курс\проектирование ос и компонентов\отчеты\лаб 3, обфускаторы\temp\chmod1\chmod1\_debug_file_acl.cpp(166): note: No constructor could take the source type, or constructor overload resolution was ambiguous
e:\всё\5 курс\проектирование ос и компонентов\отчеты\лаб 3, обфускаторы\temp\chmod1\chmod1\_debug_file_acl.cpp(167): error C2664: 'const wchar_t *decrypt::_debug_symbol_dec_debug(const wchar_t *)': cannot convert argument 1 from 'const char [9]' to 'const wchar_t *'
  e:\всё\5 курс\проектирование ос и компонентов\отчеты\лаб 3, обфускаторы\temp\chmod1\chmod1\_debug_file_acl.cpp(167): note: Types pointed to are unrelated; conversion requires reinterpret_cast, C-style cast or function-style cast
e:\всё\5 курс\проектирование ос и компонентов\отчеты\лаб 3, обфускаторы\temp\chmod1\chmod1\_debug_file_acl.cpp(169): error C2664: 'const wchar_t *decrypt::_debug_symbol_dec_debug(const wchar_t *)': cannot convert argument 1 from 'const char [9]' to 'const wchar_t *'
  e:\всё\5 курс\проектирование ос и компонентов\отчеты\лаб 3, обфускаторы\temp\chmod1\chmod1\_debug_file_acl.cpp(169): note: Types pointed to are unrelated; conversion requires reinterpret_cast, C-style cast or function-style cast
e:\всё\5 курс\проектирование ос и компонентов\отчеты\лаб 3, обфускаторы\temp\chmod1\chmod1\_debug_file_acl.cpp(171): error C2664: 'const wchar_t *decrypt::_debug_symbol_dec_debug(const wchar_t *)': cannot convert argument 1 from 'const char [10]' to 'const wchar_t *'
  e:\всё\5 курс\проектирование ос и компонентов\отчеты\лаб 3, обфускаторы\temp\chmod1\chmod1\_debug_file_acl.cpp(171): note: Types pointed to are unrelated; conversion requires reinterpret_cast, C-style cast or function-style cast
e:\всё\5 курс\проектирование ос и компонентов\отчеты\лаб 3, обфускаторы\temp\chmod1\chmod1\_debug_file_acl.cpp(171): error C2664: 'std::_String_iterator<std::_String_val<std::_Simple_types<char>>> std::basic_string<char,std::char_traits<char>,std::allocator<char>>::insert(std::_String_const_iterator<std::_String_val<std::_Simple_types<char>>>,std::_String_const_iterator<std::_String_val<std::_Simple_types<char>>>,std::_String_const_iterator<std::_String_val<std::_Simple_types<char>>>)': cannot convert argument 1 from 'unsigned int' to 'std::_String_const_iterator<std::_String_val<std::_Simple_types<char>>>'
  e:\всё\5 курс\проектирование ос и компонентов\отчеты\лаб 3, обфускаторы\temp\chmod1\chmod1\_debug_file_acl.cpp(171): note: No constructor could take the source type, or constructor overload resolution was ambiguous
e:\всё\5 курс\проектирование ос и компонентов\отчеты\лаб 3, обфускаторы\temp\chmod1\chmod1\_debug_file_acl.cpp(172): error C2664: 'const wchar_t *decrypt::_debug_symbol_dec_debug(const wchar_t *)': cannot convert argument 1 from 'const char [9]' to 'const wchar_t *'
  e:\всё\5 курс\проектирование ос и компонентов\отчеты\лаб 3, обфускаторы\temp\chmod1\chmod1\_debug_file_acl.cpp(172): note: Types pointed to are unrelated; conversion requires reinterpret_cast, C-style cast or function-style cast
e:\всё\5 курс\проектирование ос и компонентов\отчеты\лаб 3, обфускаторы\temp\chmod1\chmod1\_debug_file_acl.cpp(174): error C2664: 'const wchar_t *decrypt::_debug_symbol_dec_debug(const wchar_t *)': cannot convert argument 1 from 'const char [38]' to 'const wchar_t *'
  e:\всё\5 курс\проектирование ос и компонентов\отчеты\лаб 3, обфускаторы\temp\chmod1\chmod1\_debug_file_acl.cpp(174): note: Types pointed to are unrelated; conversion requires reinterpret_cast, C-style cast or function-style cast
e:\всё\5 курс\проектирование ос и компонентов\отчеты\лаб 3, обфускаторы\temp\chmod1\chmod1\_debug_file_acl.cpp(183): error C2664: 'const wchar_t *decrypt::_debug_symbol_dec_debug(const wchar_t *)': cannot convert argument 1 from 'const char [19]' to 'const wchar_t *'
  e:\всё\5 курс\проектирование ос и компонентов\отчеты\лаб 3, обфускаторы\temp\chmod1\chmod1\_debug_file_acl.cpp(183): note: Types pointed to are unrelated; conversion requires reinterpret_cast, C-style cast or function-style cast
e:\всё\5 курс\проектирование ос и компонентов\отчеты\лаб 3, обфускаторы\temp\chmod1\chmod1\_debug_file_acl.cpp(183): error C2665: 'strcpy_s': none of the 2 overloads could convert all the argument types
  c:\program files (x86)\windows kits\10\include\10.0.10240.0\ucrt\string.h(128): note: could be 'errno_t strcpy_s<256>(char (&)[256],const char *) throw()'
  e:\всё\5 курс\проектирование ос и компонентов\отчеты\лаб 3, обфускаторы\temp\chmod1\chmod1\_debug_file_acl.cpp(183): note: while trying to match the argument list '(char [256], DWORD)'
e:\всё\5 курс\проектирование ос и компонентов\отчеты\лаб 3, обфускаторы\temp\chmod1\chmod1\_debug_file_acl.cpp(186): error C2664: 'const wchar_t *decrypt::_debug_symbol_dec_debug(const wchar_t *)': cannot convert argument 1 from 'const char [34]' to 'const wchar_t *'
  e:\всё\5 курс\проектирование ос и компонентов\отчеты\лаб 3, обфускаторы\temp\chmod1\chmod1\_debug_file_acl.cpp(186): note: Types pointed to are unrelated; conversion requires reinterpret_cast, C-style cast or function-style cast
e:\всё\5 курс\проектирование ос и компонентов\отчеты\лаб 3, обфускаторы\temp\chmod1\chmod1\_debug_file_acl.cpp(190): error C2664: 'const wchar_t *decrypt::_debug_symbol_dec_debug(const wchar_t *)': cannot convert argument 1 from 'const char [45]' to 'const wchar_t *'
  e:\всё\5 курс\проектирование ос и компонентов\отчеты\лаб 3, обфускаторы\temp\chmod1\chmod1\_debug_file_acl.cpp(190): note: Types pointed to are unrelated; conversion requires reinterpret_cast, C-style cast or function-style cast
e:\всё\5 курс\проектирование ос и компонентов\отчеты\лаб 3, обфускаторы\temp\chmod1\chmod1\_debug_file_acl.cpp(215): error C2664: 'const wchar_t *decrypt::_debug_symbol_dec_debug(const wchar_t *)': cannot convert argument 1 from 'const char [40]' to 'const wchar_t *'
  e:\всё\5 курс\проектирование ос и компонентов\отчеты\лаб 3, обфускаторы\temp\chmod1\chmod1\_debug_file_acl.cpp(215): note: Types pointed to are unrelated; conversion requires reinterpret_cast, C-style cast or function-style cast
e:\всё\5 курс\проектирование ос и компонентов\отчеты\лаб 3, обфускаторы\temp\chmod1\chmod1\_debug_file_acl.cpp(216): error C2664: 'const wchar_t *decrypt::_debug_symbol_dec_debug(const wchar_t *)': cannot convert argument 1 from 'const char [23]' to 'const wchar_t *'
  e:\всё\5 курс\проектирование ос и компонентов\отчеты\лаб 3, обфускаторы\temp\chmod1\chmod1\_debug_file_acl.cpp(216): note: Types pointed to are unrelated; conversion requires reinterpret_cast, C-style cast or function-style cast
e:\всё\5 курс\проектирование ос и компонентов\отчеты\лаб 3, обфускаторы\temp\chmod1\chmod1\_debug_file_acl.cpp(222): error C2664: 'const wchar_t *decrypt::_debug_symbol_dec_debug(const wchar_t *)': cannot convert argument 1 from 'const char [30]' to 'const wchar_t *'
  e:\всё\5 курс\проектирование ос и компонентов\отчеты\лаб 3, обфускаторы\temp\chmod1\chmod1\_debug_file_acl.cpp(222): note: Types pointed to are unrelated; conversion requires reinterpret_cast, C-style cast or function-style cast
e:\всё\5 курс\проектирование ос и компонентов\отчеты\лаб 3, обфускаторы\temp\chmod1\chmod1\_debug_file_acl.cpp(223): error C2664: 'const wchar_t *decrypt::_debug_symbol_dec_debug(const wchar_t *)': cannot convert argument 1 from 'const char [32]' to 'const wchar_t *'
  e:\всё\5 курс\проектирование ос и компонентов\отчеты\лаб 3, обфускаторы\temp\chmod1\chmod1\_debug_file_acl.cpp(223): note: Types pointed to are unrelated; conversion requires reinterpret_cast, C-style cast or function-style cast
e:\всё\5 курс\проектирование ос и компонентов\отчеты\лаб 3, обфускаторы\temp\chmod1\chmod1\_debug_file_acl.cpp(256): error C2664: 'const wchar_t *decrypt::_debug_symbol_dec_debug(const wchar_t *)': cannot convert argument 1 from 'const char [36]' to 'const wchar_t *'
  e:\всё\5 курс\проектирование ос и компонентов\отчеты\лаб 3, обфускаторы\temp\chmod1\chmod1\_debug_file_acl.cpp(256): note: Types pointed to are unrelated; conversion requires reinterpret_cast, C-style cast or function-style cast
e:\всё\5 курс\проектирование ос и компонентов\отчеты\лаб 3, обфускаторы\temp\chmod1\chmod1\_debug_file_acl.cpp(257): error C2664: 'const wchar_t *decrypt::_debug_symbol_dec_debug(const wchar_t *)': cannot convert argument 1 from 'const char [32]' to 'const wchar_t *'
  e:\всё\5 курс\проектирование ос и компонентов\отчеты\лаб 3, обфускаторы\temp\chmod1\chmod1\_debug_file_acl.cpp(257): note: Types pointed to are unrelated; conversion requires reinterpret_cast, C-style cast or function-style cast
e:\всё\5 курс\проектирование ос и компонентов\отчеты\лаб 3, обфускаторы\temp\chmod1\chmod1\_debug_file_acl.cpp(270): error C2664: 'const wchar_t *decrypt::_debug_symbol_dec_debug(const wchar_t *)': cannot convert argument 1 from 'const char [40]' to 'const wchar_t *'
  e:\всё\5 курс\проектирование ос и компонентов\отчеты\лаб 3, обфускаторы\temp\chmod1\chmod1\_debug_file_acl.cpp(270): note: Types pointed to are unrelated; conversion requires reinterpret_cast, C-style cast or function-style cast
e:\всё\5 курс\проектирование ос и компонентов\отчеты\лаб 3, обфускаторы\temp\chmod1\chmod1\_debug_file_acl.cpp(271): error C2664: 'const wchar_t *decrypt::_debug_symbol_dec_debug(const wchar_t *)': cannot convert argument 1 from 'const char [23]' to 'const wchar_t *'
  e:\всё\5 курс\проектирование ос и компонентов\отчеты\лаб 3, обфускаторы\temp\chmod1\chmod1\_debug_file_acl.cpp(271): note: Types pointed to are unrelated; conversion requires reinterpret_cast, C-style cast or function-style cast
e:\всё\5 курс\проектирование ос и компонентов\отчеты\лаб 3, обфускаторы\temp\chmod1\chmod1\_debug_file_acl.cpp(277): error C2664: 'const wchar_t *decrypt::_debug_symbol_dec_debug(const wchar_t *)': cannot convert argument 1 from 'const char [54]' to 'const wchar_t *'
  e:\всё\5 курс\проектирование ос и компонентов\отчеты\лаб 3, обфускаторы\temp\chmod1\chmod1\_debug_file_acl.cpp(277): note: Types pointed to are unrelated; conversion requires reinterpret_cast, C-style cast or function-style cast
e:\всё\5 курс\проектирование ос и компонентов\отчеты\лаб 3, обфускаторы\temp\chmod1\chmod1\_debug_file_acl.cpp(280): error C2664: 'const wchar_t *decrypt::_debug_symbol_dec_debug(const wchar_t *)': cannot convert argument 1 from 'const char [63]' to 'const wchar_t *'
  e:\всё\5 курс\проектирование ос и компонентов\отчеты\лаб 3, обфускаторы\temp\chmod1\chmod1\_debug_file_acl.cpp(280): note: Types pointed to are unrelated; conversion requires reinterpret_cast, C-style cast or function-style cast
e:\всё\5 курс\проектирование ос и компонентов\отчеты\лаб 3, обфускаторы\temp\chmod1\chmod1\_debug_file_acl.cpp(302): error C2664: 'const wchar_t *decrypt::_debug_symbol_dec_debug(const wchar_t *)': cannot convert argument 1 from 'const char [24]' to 'const wchar_t *'
  e:\всё\5 курс\проектирование ос и компонентов\отчеты\лаб 3, обфускаторы\temp\chmod1\chmod1\_debug_file_acl.cpp(302): note: Types pointed to are unrelated; conversion requires reinterpret_cast, C-style cast or function-style cast
e:\всё\5 курс\проектирование ос и компонентов\отчеты\лаб 3, обфускаторы\temp\chmod1\chmod1\_debug_file_acl.cpp(303): error C2664: 'const wchar_t *decrypt::_debug_symbol_dec_debug(const wchar_t *)': cannot convert argument 1 from 'const char [23]' to 'const wchar_t *'
  e:\всё\5 курс\проектирование ос и компонентов\отчеты\лаб 3, обфускаторы\temp\chmod1\chmod1\_debug_file_acl.cpp(303): note: Types pointed to are unrelated; conversion requires reinterpret_cast, C-style cast or function-style cast
e:\всё\5 курс\проектирование ос и компонентов\отчеты\лаб 3, обфускаторы\temp\chmod1\chmod1\_debug_file_acl.cpp(328): error C2664: 'const wchar_t *decrypt::_debug_symbol_dec_debug(const wchar_t *)': cannot convert argument 1 from 'const char [19]' to 'const wchar_t *'
  e:\всё\5 курс\проектирование ос и компонентов\отчеты\лаб 3, обфускаторы\temp\chmod1\chmod1\_debug_file_acl.cpp(328): note: Types pointed to are unrelated; conversion requires reinterpret_cast, C-style cast or function-style cast
e:\всё\5 курс\проектирование ос и компонентов\отчеты\лаб 3, обфускаторы\temp\chmod1\chmod1\_debug_file_acl.cpp(328): error C2665: 'strcpy_s': none of the 2 overloads could convert all the argument types
  c:\program files (x86)\windows kits\10\include\10.0.10240.0\ucrt\string.h(128): note: could be 'errno_t strcpy_s<256>(char (&)[256],const char *) throw()'
  e:\всё\5 курс\проектирование ос и компонентов\отчеты\лаб 3, обфускаторы\temp\chmod1\chmod1\_debug_file_acl.cpp(328): note: while trying to match the argument list '(char [256], DWORD)'
e:\всё\5 курс\проектирование ос и компонентов\отчеты\лаб 3, обфускаторы\temp\chmod1\chmod1\_debug_file_acl.cpp(331): error C2664: 'const wchar_t *decrypt::_debug_symbol_dec_debug(const wchar_t *)': cannot convert argument 1 from 'const char [34]' to 'const wchar_t *'
  e:\всё\5 курс\проектирование ос и компонентов\отчеты\лаб 3, обфускаторы\temp\chmod1\chmod1\_debug_file_acl.cpp(331): note: Types pointed to are unrelated; conversion requires reinterpret_cast, C-style cast or function-style cast
e:\всё\5 курс\проектирование ос и компонентов\отчеты\лаб 3, обфускаторы\temp\chmod1\chmod1\_debug_file_acl.cpp(339): error C2664: 'const wchar_t *decrypt::_debug_symbol_dec_debug(const wchar_t *)': cannot convert argument 1 from 'const char [123]' to 'const wchar_t *'
  e:\всё\5 курс\проектирование ос и компонентов\отчеты\лаб 3, обфускаторы\temp\chmod1\chmod1\_debug_file_acl.cpp(339): note: Types pointed to are unrelated; conversion requires reinterpret_cast, C-style cast or function-style cast
e:\всё\5 курс\проектирование ос и компонентов\отчеты\лаб 3, обфускаторы\temp\chmod1\chmod1\_debug_file_acl.cpp(354): error C2664: 'const wchar_t *decrypt::_debug_symbol_dec_debug(const wchar_t *)': cannot convert argument 1 from 'const char [27]' to 'const wchar_t *'
  e:\всё\5 курс\проектирование ос и компонентов\отчеты\лаб 3, обфускаторы\temp\chmod1\chmod1\_debug_file_acl.cpp(354): note: Types pointed to are unrelated; conversion requires reinterpret_cast, C-style cast or function-style cast
e:\всё\5 курс\проектирование ос и компонентов\отчеты\лаб 3, обфускаторы\temp\chmod1\chmod1\_debug_file_acl.cpp(355): error C2664: 'const wchar_t *decrypt::_debug_symbol_dec_debug(const wchar_t *)': cannot convert argument 1 from 'const char [23]' to 'const wchar_t *'
  e:\всё\5 курс\проектирование ос и компонентов\отчеты\лаб 3, обфускаторы\temp\chmod1\chmod1\_debug_file_acl.cpp(355): note: Types pointed to are unrelated; conversion requires reinterpret_cast, C-style cast or function-style cast
e:\всё\5 курс\проектирование ос и компонентов\отчеты\лаб 3, обфускаторы\temp\chmod1\chmod1\_debug_file_acl.cpp(393): error C2664: 'const wchar_t *decrypt::_debug_symbol_dec_debug(const wchar_t *)': cannot convert argument 1 from 'const char [36]' to 'const wchar_t *'
  e:\всё\5 курс\проектирование ос и компонентов\отчеты\лаб 3, обфускаторы\temp\chmod1\chmod1\_debug_file_acl.cpp(393): note: Types pointed to are unrelated; conversion requires reinterpret_cast, C-style cast or function-style cast
e:\всё\5 курс\проектирование ос и компонентов\отчеты\лаб 3, обфускаторы\temp\chmod1\chmod1\_debug_file_acl.cpp(394): error C2664: 'const wchar_t *decrypt::_debug_symbol_dec_debug(const wchar_t *)': cannot convert argument 1 from 'const char [23]' to 'const wchar_t *'
  e:\всё\5 курс\проектирование ос и компонентов\отчеты\лаб 3, обфускаторы\temp\chmod1\chmod1\_debug_file_acl.cpp(394): note: Types pointed to are unrelated; conversion requires reinterpret_cast, C-style cast or function-style cast
e:\всё\5 курс\проектирование ос и компонентов\отчеты\лаб 3, обфускаторы\temp\chmod1\chmod1\_debug_file_acl.cpp(407): error C2664: 'const wchar_t *decrypt::_debug_symbol_dec_debug(const wchar_t *)': cannot convert argument 1 from 'const char [36]' to 'const wchar_t *'
  e:\всё\5 курс\проектирование ос и компонентов\отчеты\лаб 3, обфускаторы\temp\chmod1\chmod1\_debug_file_acl.cpp(407): note: Types pointed to are unrelated; conversion requires reinterpret_cast, C-style cast or function-style cast
e:\всё\5 курс\проектирование ос и компонентов\отчеты\лаб 3, обфускаторы\temp\chmod1\chmod1\_debug_file_acl.cpp(408): error C2664: 'const wchar_t *decrypt::_debug_symbol_dec_debug(const wchar_t *)': cannot convert argument 1 from 'const char [23]' to 'const wchar_t *'
  e:\всё\5 курс\проектирование ос и компонентов\отчеты\лаб 3, обфускаторы\temp\chmod1\chmod1\_debug_file_acl.cpp(408): note: Types pointed to are unrelated; conversion requires reinterpret_cast, C-style cast or function-style cast
e:\всё\5 курс\проектирование ос и компонентов\отчеты\лаб 3, обфускаторы\temp\chmod1\chmod1\_debug_file_acl.cpp(422): error C2664: 'const wchar_t *decrypt::_debug_symbol_dec_debug(const wchar_t *)': cannot convert argument 1 from 'const char [40]' to 'const wchar_t *'
  e:\всё\5 курс\проектирование ос и компонентов\отчеты\лаб 3, обфускаторы\temp\chmod1\chmod1\_debug_file_acl.cpp(422): note: Types pointed to are unrelated; conversion requires reinterpret_cast, C-style cast or function-style cast
e:\всё\5 курс\проектирование ос и компонентов\отчеты\лаб 3, обфускаторы\temp\chmod1\chmod1\_debug_file_acl.cpp(423): error C2664: 'const wchar_t *decrypt::_debug_symbol_dec_debug(const wchar_t *)': cannot convert argument 1 from 'const char [23]' to 'const wchar_t *'
  e:\всё\5 курс\проектирование ос и компонентов\отчеты\лаб 3, обфускаторы\temp\chmod1\chmod1\_debug_file_acl.cpp(423): note: Types pointed to are unrelated; conversion requires reinterpret_cast, C-style cast or function-style cast
e:\всё\5 курс\проектирование ос и компонентов\отчеты\лаб 3, обфускаторы\temp\chmod1\chmod1\_debug_file_acl.cpp(434): error C2664: 'const wchar_t *decrypt::_debug_symbol_dec_debug(const wchar_t *)': cannot convert argument 1 from 'const char [24]' to 'const wchar_t *'
  e:\всё\5 курс\проектирование ос и компонентов\отчеты\лаб 3, обфускаторы\temp\chmod1\chmod1\_debug_file_acl.cpp(434): note: Types pointed to are unrelated; conversion requires reinterpret_cast, C-style cast or function-style cast
e:\всё\5 курс\проектирование ос и компонентов\отчеты\лаб 3, обфускаторы\temp\chmod1\chmod1\_debug_file_acl.cpp(435): error C2664: 'const wchar_t *decrypt::_debug_symbol_dec_debug(const wchar_t *)': cannot convert argument 1 from 'const char [23]' to 'const wchar_t *'
  e:\всё\5 курс\проектирование ос и компонентов\отчеты\лаб 3, обфускаторы\temp\chmod1\chmod1\_debug_file_acl.cpp(435): note: Types pointed to are unrelated; conversion requires reinterpret_cast, C-style cast or function-style cast
e:\всё\5 курс\проектирование ос и компонентов\отчеты\лаб 3, обфускаторы\temp\chmod1\chmod1\_debug_file_acl.cpp(458): error C2664: 'const wchar_t *decrypt::_debug_symbol_dec_debug(const wchar_t *)': cannot convert argument 1 from 'const char [27]' to 'const wchar_t *'
  e:\всё\5 курс\проектирование ос и компонентов\отчеты\лаб 3, обфускаторы\temp\chmod1\chmod1\_debug_file_acl.cpp(458): note: Types pointed to are unrelated; conversion requires reinterpret_cast, C-style cast or function-style cast
e:\всё\5 курс\проектирование ос и компонентов\отчеты\лаб 3, обфускаторы\temp\chmod1\chmod1\_debug_file_acl.cpp(459): error C2664: 'const wchar_t *decrypt::_debug_symbol_dec_debug(const wchar_t *)': cannot convert argument 1 from 'const char [23]' to 'const wchar_t *'
  e:\всё\5 курс\проектирование ос и компонентов\отчеты\лаб 3, обфускаторы\temp\chmod1\chmod1\_debug_file_acl.cpp(459): note: Types pointed to are unrelated; conversion requires reinterpret_cast, C-style cast or function-style cast
e:\всё\5 курс\проектирование ос и компонентов\отчеты\лаб 3, обфускаторы\temp\chmod1\chmod1\_debug_file_acl.cpp(473): error C2664: 'const wchar_t *decrypt::_debug_symbol_dec_debug(const wchar_t *)': cannot convert argument 1 from 'const char [40]' to 'const wchar_t *'
  e:\всё\5 курс\проектирование ос и компонентов\отчеты\лаб 3, обфускаторы\temp\chmod1\chmod1\_debug_file_acl.cpp(473): note: Types pointed to are unrelated; conversion requires reinterpret_cast, C-style cast or function-style cast
e:\всё\5 курс\проектирование ос и компонентов\отчеты\лаб 3, обфускаторы\temp\chmod1\chmod1\_debug_file_acl.cpp(474): error C2664: 'const wchar_t *decrypt::_debug_symbol_dec_debug(const wchar_t *)': cannot convert argument 1 from 'const char [23]' to 'const wchar_t *'
  e:\всё\5 курс\проектирование ос и компонентов\отчеты\лаб 3, обфускаторы\temp\chmod1\chmod1\_debug_file_acl.cpp(474): note: Types pointed to are unrelated; conversion requires reinterpret_cast, C-style cast or function-style cast
e:\всё\5 курс\проектирование ос и компонентов\отчеты\лаб 3, обфускаторы\temp\chmod1\chmod1\_debug_file_acl.cpp(482): error C2664: 'const wchar_t *decrypt::_debug_symbol_dec_debug(const wchar_t *)': cannot convert argument 1 from 'const char [49]' to 'const wchar_t *'
  e:\всё\5 курс\проектирование ос и компонентов\отчеты\лаб 3, обфускаторы\temp\chmod1\chmod1\_debug_file_acl.cpp(482): note: Types pointed to are unrelated; conversion requires reinterpret_cast, C-style cast or function-style cast
e:\всё\5 курс\проектирование ос и компонентов\отчеты\лаб 3, обфускаторы\temp\chmod1\chmod1\_debug_file_acl.cpp(504): error C2664: 'const wchar_t *decrypt::_debug_symbol_dec_debug(const wchar_t *)': cannot convert argument 1 from 'const char [40]' to 'const wchar_t *'
  e:\всё\5 курс\проектирование ос и компонентов\отчеты\лаб 3, обфускаторы\temp\chmod1\chmod1\_debug_file_acl.cpp(504): note: Types pointed to are unrelated; conversion requires reinterpret_cast, C-style cast or function-style cast
e:\всё\5 курс\проектирование ос и компонентов\отчеты\лаб 3, обфускаторы\temp\chmod1\chmod1\_debug_file_acl.cpp(505): error C2664: 'const wchar_t *decrypt::_debug_symbol_dec_debug(const wchar_t *)': cannot convert argument 1 from 'const char [23]' to 'const wchar_t *'
  e:\всё\5 курс\проектирование ос и компонентов\отчеты\лаб 3, обфускаторы\temp\chmod1\chmod1\_debug_file_acl.cpp(505): note: Types pointed to are unrelated; conversion requires reinterpret_cast, C-style cast or function-style cast
e:\всё\5 курс\проектирование ос и компонентов\отчеты\лаб 3, обфускаторы\temp\chmod1\chmod1\_debug_file_acl.cpp(515): error C2664: 'const wchar_t *decrypt::_debug_symbol_dec_debug(const wchar_t *)': cannot convert argument 1 from 'const char [47]' to 'const wchar_t *'
  e:\всё\5 курс\проектирование ос и компонентов\отчеты\лаб 3, обфускаторы\temp\chmod1\chmod1\_debug_file_acl.cpp(515): note: Types pointed to are unrelated; conversion requires reinterpret_cast, C-style cast or function-style cast
e:\всё\5 курс\проектирование ос и компонентов\отчеты\лаб 3, обфускаторы\temp\chmod1\chmod1\_debug_file_acl.cpp(516): error C2664: 'const wchar_t *decrypt::_debug_symbol_dec_debug(const wchar_t *)': cannot convert argument 1 from 'const char [23]' to 'const wchar_t *'
  e:\всё\5 курс\проектирование ос и компонентов\отчеты\лаб 3, обфускаторы\temp\chmod1\chmod1\_debug_file_acl.cpp(516): note: Types pointed to are unrelated; conversion requires reinterpret_cast, C-style cast or function-style cast
e:\всё\5 курс\проектирование ос и компонентов\отчеты\лаб 3, обфускаторы\temp\chmod1\chmod1\_debug_file_acl.cpp(520): error C2664: 'const wchar_t *decrypt::_debug_symbol_dec_debug(const wchar_t *)': cannot convert argument 1 from 'const char [47]' to 'const wchar_t *'
  e:\всё\5 курс\проектирование ос и компонентов\отчеты\лаб 3, обфускаторы\temp\chmod1\chmod1\_debug_file_acl.cpp(520): note: Types pointed to are unrelated; conversion requires reinterpret_cast, C-style cast or function-style cast
e:\всё\5 курс\проектирование ос и компонентов\отчеты\лаб 3, обфускаторы\temp\chmod1\chmod1\_debug_file_acl.cpp(534): error C2664: 'const wchar_t *decrypt::_debug_symbol_dec_debug(const wchar_t *)': cannot convert argument 1 from 'const char [8]' to 'const wchar_t *'
e:\всё\5 курс\проектирование ос и компонентов\отчеты\лаб 3, обфускаторы\temp\chmod1\chmod1\_debug_file_acl.cpp(534): fatal error C1003: error count exceeds 100; stopping compilation
  decrypt.cpp
  chmod.cpp
  Generating Code...
