2017-05-29 16:38:48
==========================
Daemon Start
==========================
2017-05-29 16:38:48
==========================
Cycle terminated. Invalid arguments!
==========================
2017-05-29 16:50:46
==========================
Daemon Start
==========================
2017-05-29 16:50:46
==========================
Cycle terminated. Invalid arguments!
==========================
2017-05-29 16:51:58
==========================
Daemon Start
==========================
2017-05-29 16:51:58
==========================
Cycle terminated. Invalid arguments!
==========================
2017-05-29 16:58:24
==========================
Daemon Start
==========================
2017-05-29 16:58:24
==========================
Размер файла: 
	797 байт
Число жёстких ссылок: 
	1
inode файла: 
	3557176
ID устройства, содержащего файл: 
	2054
ID пользователя владельца: 
	1000
ID группы владельца: 
	1000
ID устройства (если специальный файл): 	0
Размер блока для I/O: 
	4096
Число выделенных блоков размером 512 байт:
	8
Права доступа к файлу:
	-rw------- 
Тип файла:
	обычный файл
Последнее изменение статуса:
	Mon May 29 16:08:55 2017
Последний доступ к файлу:
	Mon May 29 16:08:59 2017
Последния модификация файла:
	Tue May  2 23:35:15 2017

==========================
2017-05-29 16:59:24
==========================
Размер файла: 
	797 байт
Число жёстких ссылок: 
	1
inode файла: 
	3557176
ID устройства, содержащего файл: 
	2054
ID пользователя владельца: 
	1000
ID группы владельца: 
	1000
ID устройства (если специальный файл): 	0
Размер блока для I/O: 
	4096
Число выделенных блоков размером 512 байт:
	8
Права доступа к файлу:
	-rw------- 
Тип файла:
	обычный файл
Последнее изменение статуса:
	Mon May 29 16:08:55 2017
Последний доступ к файлу:
	Mon May 29 16:08:59 2017
Последния модификация файла:
	Tue May  2 23:35:15 2017

==========================
