2017-05-03 00:09:56
==========================
Daemon Start
==========================
2017-05-03 00:09:56
==========================
Размер файла: 
	797 байт
Число жёстких ссылок: 
	1
inode файла: 
	793075
ID устройства, содержащего файл: 
	2055
ID пользователя владельца: 
	1000
ID группы владельца: 
	1000
ID устройства (если специальный файл): 	0
Размер блока для I/O: 
	4096
Число выделенных блоков размером 512 байт:
	8
Права доступа к файлу:
	-rw-rw-r-- 
Тип файла:
	обычный файл
Последнее изменение статуса:
	Tue May  2 23:35:15 2017
Последний доступ к файлу:
	Tue May  2 23:35:15 2017
Последния модификация файла:
	Tue May  2 23:35:15 2017

==========================
2017-05-03 00:10:56
==========================
Размер файла: 
	797 байт
Число жёстких ссылок: 
	1
inode файла: 
	793075
ID устройства, содержащего файл: 
	2055
ID пользователя владельца: 
	1000
ID группы владельца: 
	1000
ID устройства (если специальный файл): 	0
Размер блока для I/O: 
	4096
Число выделенных блоков размером 512 байт:
	8
Права доступа к файлу:
	-rw-rw-r-- 
Тип файла:
	обычный файл
Последнее изменение статуса:
	Tue May  2 23:35:15 2017
Последний доступ к файлу:
	Tue May  2 23:35:15 2017
Последния модификация файла:
	Tue May  2 23:35:15 2017

==========================
2017-05-03 00:23:44
==========================
Daemon Start
==========================
2017-05-03 00:23:44
==========================
Размер файла: 
	797 байт
Число жёстких ссылок: 
	1
inode файла: 
	793075
ID устройства, содержащего файл: 
	2055
ID пользователя владельца: 
	1000
ID группы владельца: 
	1000
ID устройства (если специальный файл): 	0
Размер блока для I/O: 
	4096
Число выделенных блоков размером 512 байт:
	8
Права доступа к файлу:
	-rw-rw-r-- 
Тип файла:
	обычный файл
Последнее изменение статуса:
	Tue May  2 23:35:15 2017
Последний доступ к файлу:
	Tue May  2 23:35:15 2017
Последния модификация файла:
	Tue May  2 23:35:15 2017

==========================
2017-05-03 14:25:00
==========================
Daemon Start
==========================
2017-05-03 14:25:00
==========================
Размер файла: 
	4096 байт
Число жёстких ссылок: 
	2
inode файла: 
	785107
ID устройства, содержащего файл: 
	2055
ID пользователя владельца: 
	1000
ID группы владельца: 
	1000
ID устройства (если специальный файл): 	0
Размер блока для I/O: 
	4096
Число выделенных блоков размером 512 байт:
	8
Права доступа к файлу:
	drwxrwxr-x 
Тип файла:
	директория
Последнее изменение статуса:
	Wed May  3 14:24:35 2017
Последний доступ к файлу:
	Wed May  3 14:24:15 2017
Последния модификация файла:
	Wed May  3 14:24:35 2017

==========================
2017-05-04 23:21:41
==========================
Daemon Start
==========================
2017-05-04 23:21:41
==========================
Cycle terminated. Invalid arguments!
==========================
2017-05-04 23:22:48
==========================
Daemon Start
==========================
2017-05-04 23:22:48
==========================
Размер файла: 
	797 байт
Число жёстких ссылок: 
	1
inode файла: 
	793075
ID устройства, содержащего файл: 
	2055
ID пользователя владельца: 
	1000
ID группы владельца: 
	1000
ID устройства (если специальный файл): 	0
Размер блока для I/O: 
	4096
Число выделенных блоков размером 512 байт:
	8
Права доступа к файлу:
	-rw-rw-r-- 
Тип файла:
	обычный файл
Последнее изменение статуса:
	Tue May  2 23:35:15 2017
Последний доступ к файлу:
	Thu May  4 23:21:33 2017
Последния модификация файла:
	Tue May  2 23:35:15 2017

==========================
2017-05-04 23:23:48
==========================
Размер файла: 
	808 байт
Число жёстких ссылок: 
	1
inode файла: 
	789900
ID устройства, содержащего файл: 
	2055
ID пользователя владельца: 
	1000
ID группы владельца: 
	1000
ID устройства (если специальный файл): 	0
Размер блока для I/O: 
	4096
Число выделенных блоков размером 512 байт:
	8
Права доступа к файлу:
	-rw-rw-r-- 
Тип файла:
	обычный файл
Последнее изменение статуса:
	Thu May  4 23:23:46 2017
Последний доступ к файлу:
	Thu May  4 23:23:46 2017
Последния модификация файла:
	Thu May  4 23:23:46 2017

==========================
2017-05-04 23:24:48
==========================
Размер файла: 
	808 байт
Число жёстких ссылок: 
	1
inode файла: 
	789900
ID устройства, содержащего файл: 
	2055
ID пользователя владельца: 
	1000
ID группы владельца: 
	1000
ID устройства (если специальный файл): 	0
Размер блока для I/O: 
	4096
Число выделенных блоков размером 512 байт:
	8
Права доступа к файлу:
	-rw-rw-r-- 
Тип файла:
	обычный файл
Последнее изменение статуса:
	Thu May  4 23:23:46 2017
Последний доступ к файлу:
	Thu May  4 23:23:46 2017
Последния модификация файла:
	Thu May  4 23:23:46 2017

==========================
2017-05-04 23:25:48
==========================
Размер файла: 
	808 байт
Число жёстких ссылок: 
	1
inode файла: 
	789900
ID устройства, содержащего файл: 
	2055
ID пользователя владельца: 
	1000
ID группы владельца: 
	1000
ID устройства (если специальный файл): 	0
Размер блока для I/O: 
	4096
Число выделенных блоков размером 512 байт:
	8
Права доступа к файлу:
	-rw-rw-r-- 
Тип файла:
	обычный файл
Последнее изменение статуса:
	Thu May  4 23:23:46 2017
Последний доступ к файлу:
	Thu May  4 23:23:46 2017
Последния модификация файла:
	Thu May  4 23:23:46 2017

==========================
2017-05-04 23:26:48
==========================
Размер файла: 
	808 байт
Число жёстких ссылок: 
	1
inode файла: 
	789900
ID устройства, содержащего файл: 
	2055
ID пользователя владельца: 
	1000
ID группы владельца: 
	1000
ID устройства (если специальный файл): 	0
Размер блока для I/O: 
	4096
Число выделенных блоков размером 512 байт:
	8
Права доступа к файлу:
	-rw-rw-r-- 
Тип файла:
	обычный файл
Последнее изменение статуса:
	Thu May  4 23:23:46 2017
Последний доступ к файлу:
	Thu May  4 23:23:46 2017
Последния модификация файла:
	Thu May  4 23:23:46 2017

==========================
